<?xml version="1.0" encoding="UTF-8"?>
<!-- Generated by org.testng.reporters.JUnitReportReporter -->
<testsuite hostname="BRIDT-1324" name="com.brillio.tests.testOxigenWallet" tests="2" failures="0" timestamp="27 Mar 2017 11:24:32 GMT" time="59.669" errors="0">
  <testcase name="checkLayout" time="30.518" classname="com.brillio.tests.testOxigenWallet"/>
  <testcase name="checkLayout" time="29.151" classname="com.brillio.tests.testOxigenWallet"/>
</testsuite> <!-- com.brillio.tests.testOxigenWallet -->
