<?xml version="1.0" encoding="UTF-8"?>
<!-- Generated by org.testng.reporters.JUnitReportReporter -->
<testsuite hostname="BRIDT-1324" name="testGmail" tests="2" failures="0" timestamp="23 Mar 2017 13:24:28 GMT" time="75.165" errors="0">
  <testcase name="checkLayout" time="41.744" classname="testGmail"/>
  <testcase name="checkLayout" time="33.421" classname="testGmail"/>
</testsuite> <!-- testGmail -->
