<?xml version="1.0" encoding="UTF-8"?>
<!-- Generated by org.testng.reporters.JUnitReportReporter -->
<testsuite hostname="BRIDT-1324" name="com.brillio.tests.testGmail" tests="2" failures="0" timestamp="28 Mar 2017 09:55:07 GMT" time="104.382" errors="0">
  <testcase name="checkLayoutGmail" time="52.874" classname="com.brillio.tests.testGmail"/>
  <testcase name="checkLayoutGmail" time="51.508" classname="com.brillio.tests.testGmail"/>
</testsuite> <!-- com.brillio.tests.testGmail -->
