<?xml version="1.0" encoding="UTF-8"?>
<!-- Generated by org.testng.reporters.JUnitReportReporter -->
<testsuite hostname="BRIDT-1324" name="testOxigenWallet" tests="2" failures="0" timestamp="23 Mar 2017 13:27:34 GMT" time="57.089" errors="0">
  <testcase name="checkLayout" time="28.364" classname="testOxigenWallet"/>
  <testcase name="checkLayout" time="28.725" classname="testOxigenWallet"/>
</testsuite> <!-- testOxigenWallet -->
