<?xml version="1.0" encoding="UTF-8"?>
<!-- Generated by org.testng.reporters.JUnitReportReporter -->
<testsuite hostname="BRIDT-1324" name="exapmle1" tests="2" failures="0" timestamp="23 Mar 2017 10:51:51 GMT" time="90.940" errors="0">
  <testcase name="checkLayout" time="46.010" classname="exapmle1"/>
  <testcase name="checkLayout" time="44.930" classname="exapmle1"/>
</testsuite> <!-- exapmle1 -->
