<?xml version="1.0" encoding="UTF-8"?>
<!-- Generated by org.testng.reporters.JUnitReportReporter -->
<testsuite hostname="BRIDT-1324" name="tests.testOxigenWallet" tests="1" failures="0" timestamp="27 Mar 2017 05:42:33 GMT" time="59.460" errors="0">
  <testcase name="checkLayout" time="59.460" classname="tests.testOxigenWallet"/>
</testsuite> <!-- tests.testOxigenWallet -->
