<?xml version="1.0" encoding="UTF-8"?>
<!-- Generated by org.testng.reporters.JUnitReportReporter -->
<testsuite hostname="BRIDT-1324" name="Test.exapmle1" tests="1" failures="0" timestamp="21 Mar 2017 09:38:57 GMT" time="24.107" errors="1">
  <testcase name="abc" time="24.107" classname="Test.exapmle1">
    <error type="net.mindengine.galen.parser.FileSyntaxException" message="Incorrect indentation. Should not use tabs. Use spaces
    in specs/outputSpecs/outputSpecs.spec:2">
      <![CDATA[net.mindengine.galen.parser.FileSyntaxException: Incorrect indentation. Should not use tabs. Use spaces
    in specs/outputSpecs/outputSpecs.spec:2
	at net.mindengine.galen.specs.reader.page.PageSpecReader.read(PageSpecReader.java:118)
	at net.mindengine.galen.specs.reader.page.PageSpecReader.read(PageSpecReader.java:92)
	at net.mindengine.galen.api.Galen.checkLayout(Galen.java:62)
	at net.mindengine.galen.api.Galen.checkLayout(Galen.java:51)
	at net.mindengine.galen.api.Galen.checkLayout(Galen.java:165)
	at Test.util1.checkLayout(util1.java:179)
	at Test.util1.generateSpecs(util1.java:60)
	at Test.exapmle1.abc(exapmle1.java:39)
	at sun.reflect.NativeMethodAccessorImpl.invoke0(Native Method)
	at sun.reflect.NativeMethodAccessorImpl.invoke(NativeMethodAccessorImpl.java:62)
	at sun.reflect.DelegatingMethodAccessorImpl.invoke(DelegatingMethodAccessorImpl.java:43)
	at java.lang.reflect.Method.invoke(Method.java:497)
	at org.testng.internal.MethodInvocationHelper.invokeMethod(MethodInvocationHelper.java:86)
	at org.testng.internal.Invoker.invokeMethod(Invoker.java:643)
	at org.testng.internal.Invoker.invokeTestMethod(Invoker.java:820)
	at org.testng.internal.Invoker.invokeTestMethods(Invoker.java:1128)
	at org.testng.internal.TestMethodWorker.invokeTestMethods(TestMethodWorker.java:129)
	at org.testng.internal.TestMethodWorker.run(TestMethodWorker.java:112)
	at org.testng.TestRunner.privateRun(TestRunner.java:782)
	at org.testng.TestRunner.run(TestRunner.java:632)
	at org.testng.SuiteRunner.runTest(SuiteRunner.java:366)
	at org.testng.SuiteRunner.runSequentially(SuiteRunner.java:361)
	at org.testng.SuiteRunner.privateRun(SuiteRunner.java:319)
	at org.testng.SuiteRunner.run(SuiteRunner.java:268)
	at org.testng.SuiteRunnerWorker.runSuite(SuiteRunnerWorker.java:52)
	at org.testng.SuiteRunnerWorker.run(SuiteRunnerWorker.java:86)
	at org.testng.TestNG.runSuitesSequentially(TestNG.java:1244)
	at org.testng.TestNG.runSuitesLocally(TestNG.java:1169)
	at org.testng.TestNG.run(TestNG.java:1064)
	at org.testng.remote.AbstractRemoteTestNG.run(AbstractRemoteTestNG.java:132)
	at org.testng.remote.RemoteTestNG.initAndRun(RemoteTestNG.java:236)
	at org.testng.remote.RemoteTestNG.main(RemoteTestNG.java:81)
Caused by: net.mindengine.galen.parser.SyntaxException: Incorrect indentation. Should not use tabs. Use spaces
	at net.mindengine.galen.specs.reader.page.StateDoingSection.startsWithIndentation(StateDoingSection.java:209)
	at net.mindengine.galen.specs.reader.page.StateDoingSection.process(StateDoingSection.java:106)
	at net.mindengine.galen.specs.reader.page.PageSpecLineProcessor.processLine(PageSpecLineProcessor.java:81)
	at net.mindengine.galen.specs.reader.page.PageSpecReader.read(PageSpecReader.java:112)
	... 31 more
]]>
    </error>
  </testcase> <!-- abc -->
</testsuite> <!-- Test.exapmle1 -->
